Args in experiment:
Namespace(random_seed=2021, is_training=1, model_id='0112_wifi_336_1', model='PatchTST', data='custom', root_path='/home/hxli/Documents/PatchTST/dataset/0112', data_path='timestamp.csv', features='MS', target='OT', freq='s', checkpoints='./checkpoints/', use_hour_sin=0, draw=0, seq_len=336, label_len=48, pred_len=1, fc_dropout=0.2, head_dropout=0.0, patch_len=8, stride=8, padding_patch='end', revin=1, affine=0, subtract_last=0, decomposition=0, kernel_size=25, individual=0, enc_in=7, dec_in=7, c_out=7, d_model=128, n_heads=16, e_layers=3, d_layers=1, d_ff=256, moving_avg=25, factor=1, dropout=0.2, activation='gelu', output_attention=False, do_predict=False, num_workers=10, train_epochs=300, batch_size=1024, patience=20, learning_rate=0.00028, loss='mse', lradj='TST', pct_start=0.4, use_amp=False, use_gpu=True, gpu=0, use_multi_gpu=False, devices='0', test_flop=False, checkpoint_path=None)
Use GPU: cuda:0
>>>>>>>start training : 0112_wifi_336_1_PatchTST_custom_featureMS_seqlen336_labellen48_predlen1_patch8_d_model128_numheads16_elayers3_dlayers1_dff256_fc1_time_emb0>>>>>>>>>>>>>>>>>>>>>>>>>>
   Seconds_sin  Seconds_cos  master_offset    freq  path_delay        OT
0     0.967205     0.253999        -527777 -201116     1493540  0.500072
1     0.967223     0.253928         149308  317636     1085678  0.499873
2     0.967242     0.253858        -469869 -256749     1493540  0.500095
3     0.967260     0.253788        -140211  -68052     1441967  0.500047
4     0.967278     0.253717        -258958 -228862     1441967  0.500107
train 16052
   Seconds_sin  Seconds_cos  master_offset     freq  path_delay        OT
0     0.542762    -0.839886          45724    43788     1830514  0.499983
1     0.542701    -0.839926         -18687    -6906     1830514  0.499666
2     0.542640    -0.839965        4793455  4799630     1409152  0.498183
3     0.542579    -0.840005       -4370325 -2926113     1409152  0.501326
4     0.542518    -0.840044       -1133713 -1000599     1409152  0.500502
val 2342
   Seconds_sin  Seconds_cos  master_offset    freq  path_delay        OT
0     0.385915    -0.922534         -78738  -71081      915178  0.500031
1     0.385848    -0.922562          20002    4038      853731  0.499978
2     0.385781    -0.922590         310247  300283      836546  0.499874
3     0.385714    -0.922618         -87921   -4811      836546  0.500015
4     0.385647    -0.922646        -215511 -158777      836546  0.500074
test 4682
